2024-01-28 01:22:08 DEBUG cache:45 - Couldn't find template in cache for "spark/spark.spa.ftl"("en_IN", UTF-8, parsed); will try to load it.
2024-01-28 01:22:08 DEBUG cache:45 - TemplateLoader.findTemplateSource("spark/spark.spa_en_IN.ftl"): Not found
2024-01-28 01:22:08 DEBUG cache:45 - TemplateLoader.findTemplateSource("spark/spark.spa_en.ftl"): Not found
2024-01-28 01:22:08 DEBUG cache:45 - TemplateLoader.findTemplateSource("spark/spark.spa.ftl"): Found
2024-01-28 01:22:08 DEBUG cache:45 - Loading template for "spark/spark.spa.ftl"("en_IN", UTF-8, parsed) from "jar:file:/C:/Users/Admin/.m2/repository/com/aventstack/extentreports/5.1.1/extentreports-5.1.1.jar!/com/aventstack/extentreports/templates/spark/spark.spa.ftl"
2024-01-28 01:22:08 DEBUG cache:45 - Couldn't find template in cache for "commons/commons-variables.ftl"("en_IN", UTF-8, parsed); will try to load it.
2024-01-28 01:22:08 DEBUG cache:45 - TemplateLoader.findTemplateSource("commons/commons-variables_en_IN.ftl"): Not found
2024-01-28 01:22:08 DEBUG cache:45 - TemplateLoader.findTemplateSource("commons/commons-variables_en.ftl"): Not found
2024-01-28 01:22:08 DEBUG cache:45 - TemplateLoader.findTemplateSource("commons/commons-variables.ftl"): Found
2024-01-28 01:22:08 DEBUG cache:45 - Loading template for "commons/commons-variables.ftl"("en_IN", UTF-8, parsed) from "jar:file:/C:/Users/Admin/.m2/repository/com/aventstack/extentreports/5.1.1/extentreports-5.1.1.jar!/com/aventstack/extentreports/templates/commons/commons-variables.ftl"
2024-01-28 01:22:08 DEBUG cache:45 - Couldn't find template in cache for "commons/commons-macros.ftl"("en_IN", UTF-8, parsed); will try to load it.
2024-01-28 01:22:08 DEBUG cache:45 - TemplateLoader.findTemplateSource("commons/commons-macros_en_IN.ftl"): Not found
2024-01-28 01:22:08 DEBUG cache:45 - TemplateLoader.findTemplateSource("commons/commons-macros_en.ftl"): Not found
2024-01-28 01:22:08 DEBUG cache:45 - TemplateLoader.findTemplateSource("commons/commons-macros.ftl"): Found
2024-01-28 01:22:08 DEBUG cache:45 - Loading template for "commons/commons-macros.ftl"("en_IN", UTF-8, parsed) from "jar:file:/C:/Users/Admin/.m2/repository/com/aventstack/extentreports/5.1.1/extentreports-5.1.1.jar!/com/aventstack/extentreports/templates/commons/commons-macros.ftl"
2024-01-28 01:22:08 DEBUG cache:45 - Couldn't find template in cache for "spark/macros/attributes.ftl"("en_IN", UTF-8, parsed); will try to load it.
2024-01-28 01:22:08 DEBUG cache:45 - TemplateLoader.findTemplateSource("spark/macros/attributes_en_IN.ftl"): Not found
2024-01-28 01:22:08 DEBUG cache:45 - TemplateLoader.findTemplateSource("spark/macros/attributes_en.ftl"): Not found
2024-01-28 01:22:08 DEBUG cache:45 - TemplateLoader.findTemplateSource("spark/macros/attributes.ftl"): Found
2024-01-28 01:22:08 DEBUG cache:45 - Loading template for "spark/macros/attributes.ftl"("en_IN", UTF-8, parsed) from "jar:file:/C:/Users/Admin/.m2/repository/com/aventstack/extentreports/5.1.1/extentreports-5.1.1.jar!/com/aventstack/extentreports/templates/spark/macros/attributes.ftl"
2024-01-28 01:22:08 DEBUG cache:45 - Couldn't find template in cache for "spark/macros/log.ftl"("en_IN", UTF-8, parsed); will try to load it.
2024-01-28 01:22:08 DEBUG cache:45 - TemplateLoader.findTemplateSource("spark/macros/log_en_IN.ftl"): Not found
2024-01-28 01:22:08 DEBUG cache:45 - TemplateLoader.findTemplateSource("spark/macros/log_en.ftl"): Not found
2024-01-28 01:22:08 DEBUG cache:45 - TemplateLoader.findTemplateSource("spark/macros/log.ftl"): Found
2024-01-28 01:22:08 DEBUG cache:45 - Loading template for "spark/macros/log.ftl"("en_IN", UTF-8, parsed) from "jar:file:/C:/Users/Admin/.m2/repository/com/aventstack/extentreports/5.1.1/extentreports-5.1.1.jar!/com/aventstack/extentreports/templates/spark/macros/log.ftl"
2024-01-28 01:22:08 DEBUG cache:45 - Couldn't find template in cache for "spark/macros/recurse_nodes.ftl"("en_IN", UTF-8, parsed); will try to load it.
2024-01-28 01:22:08 DEBUG cache:45 - TemplateLoader.findTemplateSource("spark/macros/recurse_nodes_en_IN.ftl"): Not found
2024-01-28 01:22:08 DEBUG cache:45 - TemplateLoader.findTemplateSource("spark/macros/recurse_nodes_en.ftl"): Not found
2024-01-28 01:22:08 DEBUG cache:45 - TemplateLoader.findTemplateSource("spark/macros/recurse_nodes.ftl"): Found
2024-01-28 01:22:08 DEBUG cache:45 - Loading template for "spark/macros/recurse_nodes.ftl"("en_IN", UTF-8, parsed) from "jar:file:/C:/Users/Admin/.m2/repository/com/aventstack/extentreports/5.1.1/extentreports-5.1.1.jar!/com/aventstack/extentreports/templates/spark/macros/recurse_nodes.ftl"
2024-01-28 01:22:08 DEBUG cache:45 - "spark/macros/log.ftl"("en_IN", UTF-8, parsed) cached copy not yet stale; using cached.
2024-01-28 01:22:08 DEBUG cache:45 - Couldn't find template in cache for "spark/macros/attr-common.ftl"("en_IN", UTF-8, parsed); will try to load it.
2024-01-28 01:22:08 DEBUG cache:45 - TemplateLoader.findTemplateSource("spark/macros/attr-common_en_IN.ftl"): Not found
2024-01-28 01:22:08 DEBUG cache:45 - TemplateLoader.findTemplateSource("spark/macros/attr-common_en.ftl"): Not found
2024-01-28 01:22:08 DEBUG cache:45 - TemplateLoader.findTemplateSource("spark/macros/attr-common.ftl"): Found
2024-01-28 01:22:08 DEBUG cache:45 - Loading template for "spark/macros/attr-common.ftl"("en_IN", UTF-8, parsed) from "jar:file:/C:/Users/Admin/.m2/repository/com/aventstack/extentreports/5.1.1/extentreports-5.1.1.jar!/com/aventstack/extentreports/templates/spark/macros/attr-common.ftl"
2024-01-28 01:22:08 DEBUG cache:45 - Couldn't find template in cache for "spark/partials/head.ftl"("en_IN", UTF-8, parsed); will try to load it.
2024-01-28 01:22:08 DEBUG cache:45 - TemplateLoader.findTemplateSource("spark/partials/head_en_IN.ftl"): Not found
2024-01-28 01:22:08 DEBUG cache:45 - TemplateLoader.findTemplateSource("spark/partials/head_en.ftl"): Not found
2024-01-28 01:22:08 DEBUG cache:45 - TemplateLoader.findTemplateSource("spark/partials/head.ftl"): Found
2024-01-28 01:22:08 DEBUG cache:45 - Loading template for "spark/partials/head.ftl"("en_IN", UTF-8, parsed) from "jar:file:/C:/Users/Admin/.m2/repository/com/aventstack/extentreports/5.1.1/extentreports-5.1.1.jar!/com/aventstack/extentreports/templates/spark/partials/head.ftl"
2024-01-28 01:22:08 DEBUG cache:45 - Couldn't find template in cache for "commons/commons-inject-css.ftl"("en_IN", UTF-8, parsed); will try to load it.
2024-01-28 01:22:08 DEBUG cache:45 - TemplateLoader.findTemplateSource("commons/commons-inject-css_en_IN.ftl"): Not found
2024-01-28 01:22:08 DEBUG cache:45 - TemplateLoader.findTemplateSource("commons/commons-inject-css_en.ftl"): Not found
2024-01-28 01:22:08 DEBUG cache:45 - TemplateLoader.findTemplateSource("commons/commons-inject-css.ftl"): Found
2024-01-28 01:22:08 DEBUG cache:45 - Loading template for "commons/commons-inject-css.ftl"("en_IN", UTF-8, parsed) from "jar:file:/C:/Users/Admin/.m2/repository/com/aventstack/extentreports/5.1.1/extentreports-5.1.1.jar!/com/aventstack/extentreports/templates/commons/commons-inject-css.ftl"
2024-01-28 01:22:08 DEBUG cache:45 - Couldn't find template in cache for "spark/partials/navbar.ftl"("en_IN", UTF-8, parsed); will try to load it.
2024-01-28 01:22:08 DEBUG cache:45 - TemplateLoader.findTemplateSource("spark/partials/navbar_en_IN.ftl"): Not found
2024-01-28 01:22:08 DEBUG cache:45 - TemplateLoader.findTemplateSource("spark/partials/navbar_en.ftl"): Not found
2024-01-28 01:22:08 DEBUG cache:45 - TemplateLoader.findTemplateSource("spark/partials/navbar.ftl"): Found
2024-01-28 01:22:08 DEBUG cache:45 - Loading template for "spark/partials/navbar.ftl"("en_IN", UTF-8, parsed) from "jar:file:/C:/Users/Admin/.m2/repository/com/aventstack/extentreports/5.1.1/extentreports-5.1.1.jar!/com/aventstack/extentreports/templates/spark/partials/navbar.ftl"
2024-01-28 01:22:08 DEBUG cache:45 - Couldn't find template in cache for "spark/partials/sidenav.ftl"("en_IN", UTF-8, parsed); will try to load it.
2024-01-28 01:22:08 DEBUG cache:45 - TemplateLoader.findTemplateSource("spark/partials/sidenav_en_IN.ftl"): Not found
2024-01-28 01:22:08 DEBUG cache:45 - TemplateLoader.findTemplateSource("spark/partials/sidenav_en.ftl"): Not found
2024-01-28 01:22:08 DEBUG cache:45 - TemplateLoader.findTemplateSource("spark/partials/sidenav.ftl"): Found
2024-01-28 01:22:08 DEBUG cache:45 - Loading template for "spark/partials/sidenav.ftl"("en_IN", UTF-8, parsed) from "jar:file:/C:/Users/Admin/.m2/repository/com/aventstack/extentreports/5.1.1/extentreports-5.1.1.jar!/com/aventstack/extentreports/templates/spark/partials/sidenav.ftl"
2024-01-28 01:22:08 DEBUG cache:45 - Couldn't find template in cache for "spark/partials/test.ftl"("en_IN", UTF-8, parsed); will try to load it.
2024-01-28 01:22:08 DEBUG cache:45 - TemplateLoader.findTemplateSource("spark/partials/test_en_IN.ftl"): Not found
2024-01-28 01:22:08 DEBUG cache:45 - TemplateLoader.findTemplateSource("spark/partials/test_en.ftl"): Not found
2024-01-28 01:22:08 DEBUG cache:45 - TemplateLoader.findTemplateSource("spark/partials/test.ftl"): Found
2024-01-28 01:22:08 DEBUG cache:45 - Loading template for "spark/partials/test.ftl"("en_IN", UTF-8, parsed) from "jar:file:/C:/Users/Admin/.m2/repository/com/aventstack/extentreports/5.1.1/extentreports-5.1.1.jar!/com/aventstack/extentreports/templates/spark/partials/test.ftl"
2024-01-28 01:22:09 DEBUG cache:45 - Couldn't find template in cache for "spark/partials/exception.ftl"("en_IN", UTF-8, parsed); will try to load it.
2024-01-28 01:22:09 DEBUG cache:45 - TemplateLoader.findTemplateSource("spark/partials/exception_en_IN.ftl"): Not found
2024-01-28 01:22:09 DEBUG cache:45 - TemplateLoader.findTemplateSource("spark/partials/exception_en.ftl"): Not found
2024-01-28 01:22:09 DEBUG cache:45 - TemplateLoader.findTemplateSource("spark/partials/exception.ftl"): Found
2024-01-28 01:22:09 DEBUG cache:45 - Loading template for "spark/partials/exception.ftl"("en_IN", UTF-8, parsed) from "jar:file:/C:/Users/Admin/.m2/repository/com/aventstack/extentreports/5.1.1/extentreports-5.1.1.jar!/com/aventstack/extentreports/templates/spark/partials/exception.ftl"
2024-01-28 01:22:09 DEBUG cache:45 - Couldn't find template in cache for "spark/partials/category.ftl"("en_IN", UTF-8, parsed); will try to load it.
2024-01-28 01:22:09 DEBUG cache:45 - TemplateLoader.findTemplateSource("spark/partials/category_en_IN.ftl"): Not found
2024-01-28 01:22:09 DEBUG cache:45 - TemplateLoader.findTemplateSource("spark/partials/category_en.ftl"): Not found
2024-01-28 01:22:09 DEBUG cache:45 - TemplateLoader.findTemplateSource("spark/partials/category.ftl"): Found
2024-01-28 01:22:09 DEBUG cache:45 - Loading template for "spark/partials/category.ftl"("en_IN", UTF-8, parsed) from "jar:file:/C:/Users/Admin/.m2/repository/com/aventstack/extentreports/5.1.1/extentreports-5.1.1.jar!/com/aventstack/extentreports/templates/spark/partials/category.ftl"
2024-01-28 01:22:09 DEBUG cache:45 - Couldn't find template in cache for "spark/partials/device.ftl"("en_IN", UTF-8, parsed); will try to load it.
2024-01-28 01:22:09 DEBUG cache:45 - TemplateLoader.findTemplateSource("spark/partials/device_en_IN.ftl"): Not found
2024-01-28 01:22:09 DEBUG cache:45 - TemplateLoader.findTemplateSource("spark/partials/device_en.ftl"): Not found
2024-01-28 01:22:09 DEBUG cache:45 - TemplateLoader.findTemplateSource("spark/partials/device.ftl"): Found
2024-01-28 01:22:09 DEBUG cache:45 - Loading template for "spark/partials/device.ftl"("en_IN", UTF-8, parsed) from "jar:file:/C:/Users/Admin/.m2/repository/com/aventstack/extentreports/5.1.1/extentreports-5.1.1.jar!/com/aventstack/extentreports/templates/spark/partials/device.ftl"
2024-01-28 01:22:09 DEBUG cache:45 - Couldn't find template in cache for "spark/partials/author.ftl"("en_IN", UTF-8, parsed); will try to load it.
2024-01-28 01:22:09 DEBUG cache:45 - TemplateLoader.findTemplateSource("spark/partials/author_en_IN.ftl"): Not found
2024-01-28 01:22:09 DEBUG cache:45 - TemplateLoader.findTemplateSource("spark/partials/author_en.ftl"): Not found
2024-01-28 01:22:09 DEBUG cache:45 - TemplateLoader.findTemplateSource("spark/partials/author.ftl"): Found
2024-01-28 01:22:09 DEBUG cache:45 - Loading template for "spark/partials/author.ftl"("en_IN", UTF-8, parsed) from "jar:file:/C:/Users/Admin/.m2/repository/com/aventstack/extentreports/5.1.1/extentreports-5.1.1.jar!/com/aventstack/extentreports/templates/spark/partials/author.ftl"
2024-01-28 01:22:09 DEBUG cache:45 - Couldn't find template in cache for "spark/partials/log.ftl"("en_IN", UTF-8, parsed); will try to load it.
2024-01-28 01:22:09 DEBUG cache:45 - TemplateLoader.findTemplateSource("spark/partials/log_en_IN.ftl"): Not found
2024-01-28 01:22:09 DEBUG cache:45 - TemplateLoader.findTemplateSource("spark/partials/log_en.ftl"): Not found
2024-01-28 01:22:09 DEBUG cache:45 - TemplateLoader.findTemplateSource("spark/partials/log.ftl"): Found
2024-01-28 01:22:09 DEBUG cache:45 - Loading template for "spark/partials/log.ftl"("en_IN", UTF-8, parsed) from "jar:file:/C:/Users/Admin/.m2/repository/com/aventstack/extentreports/5.1.1/extentreports-5.1.1.jar!/com/aventstack/extentreports/templates/spark/partials/log.ftl"
2024-01-28 01:22:09 DEBUG cache:45 - Couldn't find template in cache for "spark/partials/dashboard.ftl"("en_IN", UTF-8, parsed); will try to load it.
2024-01-28 01:22:09 DEBUG cache:45 - TemplateLoader.findTemplateSource("spark/partials/dashboard_en_IN.ftl"): Not found
2024-01-28 01:22:09 DEBUG cache:45 - TemplateLoader.findTemplateSource("spark/partials/dashboard_en.ftl"): Not found
2024-01-28 01:22:09 DEBUG cache:45 - TemplateLoader.findTemplateSource("spark/partials/dashboard.ftl"): Found
2024-01-28 01:22:09 DEBUG cache:45 - Loading template for "spark/partials/dashboard.ftl"("en_IN", UTF-8, parsed) from "jar:file:/C:/Users/Admin/.m2/repository/com/aventstack/extentreports/5.1.1/extentreports-5.1.1.jar!/com/aventstack/extentreports/templates/spark/partials/dashboard.ftl"
2024-01-28 01:22:09 DEBUG cache:45 - Couldn't find template in cache for "spark/partials/scripts.ftl"("en_IN", UTF-8, parsed); will try to load it.
2024-01-28 01:22:09 DEBUG cache:45 - TemplateLoader.findTemplateSource("spark/partials/scripts_en_IN.ftl"): Not found
2024-01-28 01:22:09 DEBUG cache:45 - TemplateLoader.findTemplateSource("spark/partials/scripts_en.ftl"): Not found
2024-01-28 01:22:09 DEBUG cache:45 - TemplateLoader.findTemplateSource("spark/partials/scripts.ftl"): Found
2024-01-28 01:22:09 DEBUG cache:45 - Loading template for "spark/partials/scripts.ftl"("en_IN", UTF-8, parsed) from "jar:file:/C:/Users/Admin/.m2/repository/com/aventstack/extentreports/5.1.1/extentreports-5.1.1.jar!/com/aventstack/extentreports/templates/spark/partials/scripts.ftl"
2024-01-28 01:22:09 DEBUG cache:45 - Couldn't find template in cache for "commons/commons-inject-js.ftl"("en_IN", UTF-8, parsed); will try to load it.
2024-01-28 01:22:09 DEBUG cache:45 - TemplateLoader.findTemplateSource("commons/commons-inject-js_en_IN.ftl"): Not found
2024-01-28 01:22:09 DEBUG cache:45 - TemplateLoader.findTemplateSource("commons/commons-inject-js_en.ftl"): Not found
2024-01-28 01:22:09 DEBUG cache:45 - TemplateLoader.findTemplateSource("commons/commons-inject-js.ftl"): Found
2024-01-28 01:22:09 DEBUG cache:45 - Loading template for "commons/commons-inject-js.ftl"("en_IN", UTF-8, parsed) from "jar:file:/C:/Users/Admin/.m2/repository/com/aventstack/extentreports/5.1.1/extentreports-5.1.1.jar!/com/aventstack/extentreports/templates/commons/commons-inject-js.ftl"
2024-01-28 01:28:11 INFO  Log:13 - =====================================addToCartTest TEST START=========================================
2024-01-28 01:28:14 INFO  Log:24 - Enter T-shirt as input in search box
2024-01-28 01:28:16 INFO  Log:24 - Clicked on product
2024-01-28 01:28:16 INFO  Log:24 - 2 quantity selected
2024-01-28 01:28:16 INFO  Log:24 - M size selected
2024-01-28 01:28:17 INFO  Log:24 - Added to cart
2024-01-28 01:28:19 INFO  Log:17 - =====================================addToCartTest TEST END=========================================
2024-01-28 01:34:19 INFO  Log:13 - =====================================addToCartTest TEST START=========================================
2024-01-28 01:34:20 INFO  Log:24 - Enter T-shirt as input in search box
2024-01-28 01:34:22 INFO  Log:24 - Clicked on product
2024-01-28 01:34:23 INFO  Log:24 - 2 quantity selected
2024-01-28 01:34:23 INFO  Log:24 - M size selected
2024-01-28 01:34:23 INFO  Log:24 - Added to cart
2024-01-28 01:34:25 INFO  Log:17 - =====================================addToCartTest TEST END=========================================
2024-01-28 01:37:59 INFO  Log:13 - =====================================loginTest TEST START=========================================
2024-01-28 01:38:00 INFO  Log:24 - User is going to click on signin
2024-01-28 01:38:01 INFO  Log:24 - Enter uname and pass
2024-01-28 01:38:03 INFO  Log:24 - Verifing if user is able to login
2024-01-28 01:38:03 INFO  Log:24 - Login successful
2024-01-28 01:38:03 INFO  Log:17 - =====================================loginTest TEST END=========================================
2024-01-28 01:38:10 INFO  Log:13 - =====================================verifyCreateAccountPageTest TEST START=========================================
2024-01-28 01:38:11 INFO  Log:24 - Click on signin
2024-01-28 01:38:12 INFO  Log:24 - Create new account
2024-01-28 01:38:14 INFO  Log:17 - =====================================verifyCreateAccountPageTest TEST END=========================================
2024-01-28 01:38:22 INFO  Log:13 - =====================================addToCartTest TEST START=========================================
2024-01-28 01:38:24 INFO  Log:24 - Enter T-shirt as input in search box
2024-01-28 01:38:25 INFO  Log:24 - Clicked on product
2024-01-28 01:38:26 INFO  Log:24 - 2 quantity selected
2024-01-28 01:38:26 INFO  Log:24 - M size selected
2024-01-28 01:38:27 INFO  Log:24 - Added to cart
2024-01-28 01:38:30 INFO  Log:17 - =====================================addToCartTest TEST END=========================================
2024-01-28 01:42:47 INFO  Log:13 - =====================================loginTest TEST START=========================================
2024-01-28 01:42:47 INFO  Log:24 - User is going to click on signin
2024-01-28 01:42:49 INFO  Log:24 - Enter uname and pass
2024-01-28 01:42:50 INFO  Log:24 - Verifing if user is able to login
2024-01-28 01:42:50 INFO  Log:24 - Login successful
2024-01-28 01:42:50 INFO  Log:17 - =====================================loginTest TEST END=========================================
2024-01-28 01:42:56 INFO  Log:13 - =====================================verifyCreateAccountPageTest TEST START=========================================
2024-01-28 01:42:57 INFO  Log:24 - Click on signin
2024-01-28 01:42:58 INFO  Log:24 - Create new account
2024-01-28 01:43:00 INFO  Log:17 - =====================================verifyCreateAccountPageTest TEST END=========================================
2024-01-28 01:43:06 INFO  Log:13 - =====================================addToCartTest TEST START=========================================
2024-01-28 01:43:08 INFO  Log:24 - Enter T-shirt as input in search box
2024-01-28 01:43:09 INFO  Log:24 - Clicked on product
2024-01-28 01:43:09 INFO  Log:24 - 2 quantity selected
2024-01-28 01:43:10 INFO  Log:24 - M size selected
2024-01-28 01:43:10 INFO  Log:24 - Added to cart
2024-01-28 01:43:12 INFO  Log:17 - =====================================addToCartTest TEST END=========================================
